  imgui_commands.cpp
  The contents of <filesystem> are available only with C++17 or later.
D:\AndrejBackup\Andrej\PRIVATNO-duboko\Ostali\RingwormGo\RingwormGO\GitHub\Termi\Termi-Windows\Termi-OpenGL\limits.h(8,1): warning C4005: 'NAME_MAX': macro redefinition
D:\AndrejBackup\Andrej\PRIVATNO-duboko\Ostali\RingwormGo\RingwormGO\GitHub\Termi\Termi-Windows\Termi-OpenGL\dirent.h(165): message : see previous definition of 'NAME_MAX'
D:\AndrejBackup\Andrej\PRIVATNO-duboko\Ostali\RingwormGo\RingwormGO\GitHub\Termi\Termi-Windows\Termi-OpenGL\limits.h(9,1): warning C4005: 'PATH_MAX': macro redefinition
D:\AndrejBackup\Andrej\PRIVATNO-duboko\Ostali\RingwormGo\RingwormGO\GitHub\Termi\Termi-Windows\Termi-OpenGL\dirent.h(159): message : see previous definition of 'PATH_MAX'
  imgui_main.cpp
  The contents of <filesystem> are available only with C++17 or later.
D:\AndrejBackup\Andrej\PRIVATNO-duboko\Ostali\RingwormGo\RingwormGO\GitHub\Termi\Termi-Windows\Termi-OpenGL\limits.h(8,1): warning C4005: 'NAME_MAX': macro redefinition
D:\AndrejBackup\Andrej\PRIVATNO-duboko\Ostali\RingwormGo\RingwormGO\GitHub\Termi\Termi-Windows\Termi-OpenGL\dirent.h(165): message : see previous definition of 'NAME_MAX'
D:\AndrejBackup\Andrej\PRIVATNO-duboko\Ostali\RingwormGo\RingwormGO\GitHub\Termi\Termi-Windows\Termi-OpenGL\limits.h(9,1): warning C4005: 'PATH_MAX': macro redefinition
D:\AndrejBackup\Andrej\PRIVATNO-duboko\Ostali\RingwormGo\RingwormGO\GitHub\Termi\Termi-Windows\Termi-OpenGL\dirent.h(159): message : see previous definition of 'PATH_MAX'
D:\AndrejBackup\Andrej\PRIVATNO-duboko\Ostali\RingwormGo\RingwormGO\GitHub\Termi\Termi-Windows\Termi-OpenGL\imgui_main.cpp(394,11): warning C4102: 'go_one': unreferenced label
D:\AndrejBackup\Andrej\PRIVATNO-duboko\Ostali\RingwormGo\RingwormGO\GitHub\Termi\Termi-Windows\Termi-OpenGL\imgui_main.cpp(399,7): warning C4102: 'go_two': unreferenced label
  main.cpp
  The contents of <filesystem> are available only with C++17 or later.
D:\AndrejBackup\Andrej\PRIVATNO-duboko\Ostali\RingwormGo\RingwormGO\GitHub\Termi\Termi-Windows\Termi-OpenGL\limits.h(8,1): warning C4005: 'NAME_MAX': macro redefinition
D:\AndrejBackup\Andrej\PRIVATNO-duboko\Ostali\RingwormGo\RingwormGO\GitHub\Termi\Termi-Windows\Termi-OpenGL\dirent.h(165): message : see previous definition of 'NAME_MAX'
D:\AndrejBackup\Andrej\PRIVATNO-duboko\Ostali\RingwormGo\RingwormGO\GitHub\Termi\Termi-Windows\Termi-OpenGL\limits.h(9,1): warning C4005: 'PATH_MAX': macro redefinition
D:\AndrejBackup\Andrej\PRIVATNO-duboko\Ostali\RingwormGo\RingwormGO\GitHub\Termi\Termi-Windows\Termi-OpenGL\dirent.h(159): message : see previous definition of 'PATH_MAX'
D:\AndrejBackup\Andrej\PRIVATNO-duboko\Ostali\RingwormGo\RingwormGO\GitHub\Termi\Termi-Windows\Termi-OpenGL\main.cpp(117,83): warning C4244: 'argument': conversion from 'float' to 'int', possible loss of data
D:\AndrejBackup\Andrej\PRIVATNO-duboko\Ostali\RingwormGo\RingwormGO\GitHub\Termi\Termi-Windows\Termi-OpenGL\main.cpp(117,59): warning C4244: 'argument': conversion from 'float' to 'int', possible loss of data
  Generating Code...
D:\AndrejBackup\Andrej\PRIVATNO-duboko\Ostali\RingwormGo\RingwormGO\GitHub\Termi\Termi-Windows\Termi-OpenGL\imgui_commands.cpp(145): warning C4715: 'change_setting': not all control paths return a value
  Termi-OpenGL.vcxproj -> D:\AndrejBackup\Andrej\PRIVATNO-duboko\Ostali\RingwormGo\RingwormGO\GitHub\Termi\Termi-Windows\Termi-OpenGL\x64\Debug\Termi-OpenGL.exe
