d:\andrejbackup\programming\ringwormgo\ringwormgo\github\termi\termi-windows\termi-gui\x64\debug\termi-gui.pch
d:\andrejbackup\programming\ringwormgo\ringwormgo\github\termi\termi-windows\termi-gui\x64\debug\vc143.pdb
d:\andrejbackup\programming\ringwormgo\ringwormgo\github\termi\termi-windows\termi-gui\x64\debug\vc143.idb
d:\andrejbackup\programming\ringwormgo\ringwormgo\github\termi\termi-windows\termi-gui\x64\debug\pch.obj
d:\andrejbackup\programming\ringwormgo\ringwormgo\github\termi\termi-windows\termi-gui\x64\debug\main.obj
d:\andrejbackup\programming\ringwormgo\ringwormgo\github\termi\termi-windows\termi-gui\x64\debug\imgui_main.obj
d:\andrejbackup\programming\ringwormgo\ringwormgo\github\termi\termi-windows\termi-gui\x64\debug\imgui_widgets.obj
d:\andrejbackup\programming\ringwormgo\ringwormgo\github\termi\termi-windows\termi-gui\x64\debug\imgui_tables.obj
d:\andrejbackup\programming\ringwormgo\ringwormgo\github\termi\termi-windows\termi-gui\x64\debug\imgui_impl_opengl3.obj
d:\andrejbackup\programming\ringwormgo\ringwormgo\github\termi\termi-windows\termi-gui\x64\debug\imgui_impl_glfw.obj
d:\andrejbackup\programming\ringwormgo\ringwormgo\github\termi\termi-windows\termi-gui\x64\debug\imgui_draw.obj
d:\andrejbackup\programming\ringwormgo\ringwormgo\github\termi\termi-windows\termi-gui\x64\debug\imgui_demo.obj
d:\andrejbackup\programming\ringwormgo\ringwormgo\github\termi\termi-windows\termi-gui\x64\debug\imgui.obj
d:\andrejbackup\programming\ringwormgo\ringwormgo\github\termi\termi-windows\termi-gui\x64\debug\dllmain.obj
d:\andrejbackup\programming\ringwormgo\ringwormgo\github\termi\termi-windows\termi-gui\x64\debug\glad.obj
d:\andrejbackup\programming\ringwormgo\ringwormgo\github\termi\termi-windows\termi-gui\x64\debug\termi-gui.ilk
d:\andrejbackup\programming\ringwormgo\ringwormgo\github\termi\termi-windows\termi-gui\x64\debug\termi-gui.dll
d:\andrejbackup\programming\ringwormgo\ringwormgo\github\termi\termi-windows\termi-gui\x64\debug\termi-gui.pdb
d:\andrejbackup\programming\ringwormgo\ringwormgo\github\termi\termi-windows\termi-gui\x64\debug\termi-gui.lib
d:\andrejbackup\programming\ringwormgo\ringwormgo\github\termi\termi-windows\termi-gui\x64\debug\termi-gui.exp
d:\andrejbackup\programming\ringwormgo\ringwormgo\github\termi\termi-windows\termi-gui\x64\debug\termi-gui.tlog\cl.command.1.tlog
d:\andrejbackup\programming\ringwormgo\ringwormgo\github\termi\termi-windows\termi-gui\x64\debug\termi-gui.tlog\cl.read.1.tlog
d:\andrejbackup\programming\ringwormgo\ringwormgo\github\termi\termi-windows\termi-gui\x64\debug\termi-gui.tlog\cl.write.1.tlog
d:\andrejbackup\programming\ringwormgo\ringwormgo\github\termi\termi-windows\termi-gui\x64\debug\termi-gui.tlog\link.command.1.tlog
d:\andrejbackup\programming\ringwormgo\ringwormgo\github\termi\termi-windows\termi-gui\x64\debug\termi-gui.tlog\link.read.1.tlog
d:\andrejbackup\programming\ringwormgo\ringwormgo\github\termi\termi-windows\termi-gui\x64\debug\termi-gui.tlog\link.write.1.tlog
d:\andrejbackup\programming\ringwormgo\ringwormgo\github\termi\termi-windows\termi-gui\x64\debug\termi-gui.tlog\termi-gui.write.1u.tlog
