C:\Program Files\Microsoft Visual Studio\2022\Community\MSBuild\Microsoft\VC\v170\Microsoft.CppClean.targets(77,5): warning : The process cannot access the file 'd:\andrejbackup\andrej\privatno-duboko\ostali\ringwormgo\ringwormgo\github\termi\termi-windows\termi-gui\x64\debug\termi-gui.pch' because it is being used by another process.
  pch.cpp
  dllmain.cpp
  imgui.cpp
  imgui_demo.cpp
  imgui_draw.cpp
  imgui_impl_glfw.cpp
  imgui_impl_opengl3.cpp
  imgui_tables.cpp
  imgui_widgets.cpp
  imgui_main.cpp
D:\AndrejBackup\Andrej\PRIVATNO-duboko\Ostali\RingwormGo\RingwormGO\GitHub\Termi\Termi-Windows\Termi-GUI\imgui_code.hpp(94,34): warning C4267: 'initializing': conversion from 'size_t' to 'int', possible loss of data
D:\AndrejBackup\Andrej\PRIVATNO-duboko\Ostali\RingwormGo\RingwormGO\GitHub\Termi\Termi-Windows\Termi-GUI\imgui_main.cpp(1067,6): warning C4273: 'AddLog': inconsistent dll linkage
D:\AndrejBackup\Andrej\PRIVATNO-duboko\Ostali\RingwormGo\RingwormGO\GitHub\Termi\Termi-Windows\Termi-GUI\imgui_code.hpp(229,15): message : see previous definition of 'AddLog'
D:\AndrejBackup\Andrej\PRIVATNO-duboko\Ostali\RingwormGo\RingwormGO\GitHub\Termi\Termi-Windows\Termi-GUI\imgui_main.cpp(1074,6): warning C4273: 'Settings': inconsistent dll linkage
D:\AndrejBackup\Andrej\PRIVATNO-duboko\Ostali\RingwormGo\RingwormGO\GitHub\Termi\Termi-Windows\Termi-GUI\imgui_code.hpp(232,15): message : see previous definition of 'Settings'
D:\AndrejBackup\Andrej\PRIVATNO-duboko\Ostali\RingwormGo\RingwormGO\GitHub\Termi\Termi-Windows\Termi-GUI\imgui_main.cpp(1079,6): warning C4273: 'SetFontName': inconsistent dll linkage
D:\AndrejBackup\Andrej\PRIVATNO-duboko\Ostali\RingwormGo\RingwormGO\GitHub\Termi\Termi-Windows\Termi-GUI\imgui_code.hpp(234,15): message : see previous definition of 'SetFontName'
D:\AndrejBackup\Andrej\PRIVATNO-duboko\Ostali\RingwormGo\RingwormGO\GitHub\Termi\Termi-Windows\Termi-GUI\imgui_main.cpp(1084,6): warning C4273: 'SetStartupCommand': inconsistent dll linkage
D:\AndrejBackup\Andrej\PRIVATNO-duboko\Ostali\RingwormGo\RingwormGO\GitHub\Termi\Termi-Windows\Termi-GUI\imgui_code.hpp(235,15): message : see previous definition of 'SetStartupCommand'
  main.cpp
D:\AndrejBackup\Andrej\PRIVATNO-duboko\Ostali\RingwormGo\RingwormGO\GitHub\Termi\Termi-Windows\Termi-GUI\imgui_code.hpp(94,34): warning C4267: 'initializing': conversion from 'size_t' to 'int', possible loss of data
D:\AndrejBackup\Andrej\PRIVATNO-duboko\Ostali\RingwormGo\RingwormGO\GitHub\Termi\Termi-Windows\Termi-GUI\main.cpp(68,5): warning C4273: 'tmain': inconsistent dll linkage
D:\AndrejBackup\Andrej\PRIVATNO-duboko\Ostali\RingwormGo\RingwormGO\GitHub\Termi\Termi-Windows\Termi-GUI\imgui_code.hpp(226,14): message : see previous definition of 'tmain'
D:\AndrejBackup\Andrej\PRIVATNO-duboko\Ostali\RingwormGo\RingwormGO\GitHub\Termi\Termi-Windows\Termi-GUI\main.cpp(123,80): warning C4244: 'argument': conversion from 'float' to 'int', possible loss of data
D:\AndrejBackup\Andrej\PRIVATNO-duboko\Ostali\RingwormGo\RingwormGO\GitHub\Termi\Termi-Windows\Termi-GUI\main.cpp(123,56): warning C4244: 'argument': conversion from 'float' to 'int', possible loss of data
  Generating Code...
  glad.c
glfw3.lib(init.obj) : warning LNK4099: PDB 'glfw3.pdb' was not found with 'glfw3.lib(init.obj)' or at 'D:\AndrejBackup\Andrej\PRIVATNO-duboko\Ostali\RingwormGo\RingwormGO\GitHub\Termi\Termi-Windows\Termi-GUI\x64\Debug\glfw3.pdb'; linking object as if no debug info
glfw3.lib(monitor.obj) : warning LNK4099: PDB 'glfw3.pdb' was not found with 'glfw3.lib(monitor.obj)' or at 'D:\AndrejBackup\Andrej\PRIVATNO-duboko\Ostali\RingwormGo\RingwormGO\GitHub\Termi\Termi-Windows\Termi-GUI\x64\Debug\glfw3.pdb'; linking object as if no debug info
glfw3.lib(window.obj) : warning LNK4099: PDB 'glfw3.pdb' was not found with 'glfw3.lib(window.obj)' or at 'D:\AndrejBackup\Andrej\PRIVATNO-duboko\Ostali\RingwormGo\RingwormGO\GitHub\Termi\Termi-Windows\Termi-GUI\x64\Debug\glfw3.pdb'; linking object as if no debug info
glfw3.lib(input.obj) : warning LNK4099: PDB 'glfw3.pdb' was not found with 'glfw3.lib(input.obj)' or at 'D:\AndrejBackup\Andrej\PRIVATNO-duboko\Ostali\RingwormGo\RingwormGO\GitHub\Termi\Termi-Windows\Termi-GUI\x64\Debug\glfw3.pdb'; linking object as if no debug info
glfw3.lib(context.obj) : warning LNK4099: PDB 'glfw3.pdb' was not found with 'glfw3.lib(context.obj)' or at 'D:\AndrejBackup\Andrej\PRIVATNO-duboko\Ostali\RingwormGo\RingwormGO\GitHub\Termi\Termi-Windows\Termi-GUI\x64\Debug\glfw3.pdb'; linking object as if no debug info
glfw3.lib(win32_window.obj) : warning LNK4099: PDB 'glfw3.pdb' was not found with 'glfw3.lib(win32_window.obj)' or at 'D:\AndrejBackup\Andrej\PRIVATNO-duboko\Ostali\RingwormGo\RingwormGO\GitHub\Termi\Termi-Windows\Termi-GUI\x64\Debug\glfw3.pdb'; linking object as if no debug info
glfw3.lib(vulkan.obj) : warning LNK4099: PDB 'glfw3.pdb' was not found with 'glfw3.lib(vulkan.obj)' or at 'D:\AndrejBackup\Andrej\PRIVATNO-duboko\Ostali\RingwormGo\RingwormGO\GitHub\Termi\Termi-Windows\Termi-GUI\x64\Debug\glfw3.pdb'; linking object as if no debug info
glfw3.lib(win32_init.obj) : warning LNK4099: PDB 'glfw3.pdb' was not found with 'glfw3.lib(win32_init.obj)' or at 'D:\AndrejBackup\Andrej\PRIVATNO-duboko\Ostali\RingwormGo\RingwormGO\GitHub\Termi\Termi-Windows\Termi-GUI\x64\Debug\glfw3.pdb'; linking object as if no debug info
glfw3.lib(win32_monitor.obj) : warning LNK4099: PDB 'glfw3.pdb' was not found with 'glfw3.lib(win32_monitor.obj)' or at 'D:\AndrejBackup\Andrej\PRIVATNO-duboko\Ostali\RingwormGo\RingwormGO\GitHub\Termi\Termi-Windows\Termi-GUI\x64\Debug\glfw3.pdb'; linking object as if no debug info
     Creating library D:\AndrejBackup\Andrej\PRIVATNO-duboko\Ostali\RingwormGo\RingwormGO\GitHub\Termi\Termi-Windows\Termi-GUI\x64\Debug\Termi-GUI.lib and object D:\AndrejBackup\Andrej\PRIVATNO-duboko\Ostali\RingwormGo\RingwormGO\GitHub\Termi\Termi-Windows\Termi-GUI\x64\Debug\Termi-GUI.exp
glfw3.lib(win32_time.obj) : warning LNK4099: PDB 'glfw3.pdb' was not found with 'glfw3.lib(win32_time.obj)' or at 'D:\AndrejBackup\Andrej\PRIVATNO-duboko\Ostali\RingwormGo\RingwormGO\GitHub\Termi\Termi-Windows\Termi-GUI\x64\Debug\glfw3.pdb'; linking object as if no debug info
glfw3.lib(win32_thread.obj) : warning LNK4099: PDB 'glfw3.pdb' was not found with 'glfw3.lib(win32_thread.obj)' or at 'D:\AndrejBackup\Andrej\PRIVATNO-duboko\Ostali\RingwormGo\RingwormGO\GitHub\Termi\Termi-Windows\Termi-GUI\x64\Debug\glfw3.pdb'; linking object as if no debug info
glfw3.lib(win32_joystick.obj) : warning LNK4099: PDB 'glfw3.pdb' was not found with 'glfw3.lib(win32_joystick.obj)' or at 'D:\AndrejBackup\Andrej\PRIVATNO-duboko\Ostali\RingwormGo\RingwormGO\GitHub\Termi\Termi-Windows\Termi-GUI\x64\Debug\glfw3.pdb'; linking object as if no debug info
glfw3.lib(wgl_context.obj) : warning LNK4099: PDB 'glfw3.pdb' was not found with 'glfw3.lib(wgl_context.obj)' or at 'D:\AndrejBackup\Andrej\PRIVATNO-duboko\Ostali\RingwormGo\RingwormGO\GitHub\Termi\Termi-Windows\Termi-GUI\x64\Debug\glfw3.pdb'; linking object as if no debug info
glfw3.lib(egl_context.obj) : warning LNK4099: PDB 'glfw3.pdb' was not found with 'glfw3.lib(egl_context.obj)' or at 'D:\AndrejBackup\Andrej\PRIVATNO-duboko\Ostali\RingwormGo\RingwormGO\GitHub\Termi\Termi-Windows\Termi-GUI\x64\Debug\glfw3.pdb'; linking object as if no debug info
glfw3.lib(osmesa_context.obj) : warning LNK4099: PDB 'glfw3.pdb' was not found with 'glfw3.lib(osmesa_context.obj)' or at 'D:\AndrejBackup\Andrej\PRIVATNO-duboko\Ostali\RingwormGo\RingwormGO\GitHub\Termi\Termi-Windows\Termi-GUI\x64\Debug\glfw3.pdb'; linking object as if no debug info
  Termi-GUI.vcxproj -> D:\AndrejBackup\Andrej\PRIVATNO-duboko\Ostali\RingwormGo\RingwormGO\GitHub\Termi\Termi-Windows\Termi-GUI\x64\Debug\Termi-GUI.dll
