e:\andrejbackup\andrej\privatno-duboko\ostali\ringwormgo\ringwormgo\andrej\termi\termi-windows\termi\x64\debug\vc142.pdb
e:\andrejbackup\andrej\privatno-duboko\ostali\ringwormgo\ringwormgo\andrej\termi\termi-windows\termi\x64\debug\vc142.idb
e:\andrejbackup\andrej\privatno-duboko\ostali\ringwormgo\ringwormgo\andrej\termi\termi-windows\termi\x64\debug\termi.obj
e:\andrejbackup\andrej\privatno-duboko\ostali\ringwormgo\ringwormgo\andrej\termi\termi-windows\termi\x64\debug\termi.dll
e:\andrejbackup\andrej\privatno-duboko\ostali\ringwormgo\ringwormgo\andrej\termi\termi-windows\termi\x64\debug\termi.ilk
e:\andrejbackup\andrej\privatno-duboko\ostali\ringwormgo\ringwormgo\andrej\termi\termi-windows\termi\x64\debug\termi.pdb
e:\andrejbackup\andrej\privatno-duboko\ostali\ringwormgo\ringwormgo\andrej\termi\termi-windows\termi\x64\debug\termi.lib
e:\andrejbackup\andrej\privatno-duboko\ostali\ringwormgo\ringwormgo\andrej\termi\termi-windows\termi\x64\debug\termi.exp
e:\andrejbackup\andrej\privatno-duboko\ostali\ringwormgo\ringwormgo\andrej\termi\termi-windows\termi\x64\debug\termi.tlog\cl.command.1.tlog
e:\andrejbackup\andrej\privatno-duboko\ostali\ringwormgo\ringwormgo\andrej\termi\termi-windows\termi\x64\debug\termi.tlog\cl.read.1.tlog
e:\andrejbackup\andrej\privatno-duboko\ostali\ringwormgo\ringwormgo\andrej\termi\termi-windows\termi\x64\debug\termi.tlog\cl.write.1.tlog
e:\andrejbackup\andrej\privatno-duboko\ostali\ringwormgo\ringwormgo\andrej\termi\termi-windows\termi\x64\debug\termi.tlog\link.17104.delete.1.tlog
e:\andrejbackup\andrej\privatno-duboko\ostali\ringwormgo\ringwormgo\andrej\termi\termi-windows\termi\x64\debug\termi.tlog\link.21736.delete.1.tlog
e:\andrejbackup\andrej\privatno-duboko\ostali\ringwormgo\ringwormgo\andrej\termi\termi-windows\termi\x64\debug\termi.tlog\link.23964.delete.1.tlog
e:\andrejbackup\andrej\privatno-duboko\ostali\ringwormgo\ringwormgo\andrej\termi\termi-windows\termi\x64\debug\termi.tlog\link.25724.delete.1.tlog
e:\andrejbackup\andrej\privatno-duboko\ostali\ringwormgo\ringwormgo\andrej\termi\termi-windows\termi\x64\debug\termi.tlog\link.command.1.tlog
e:\andrejbackup\andrej\privatno-duboko\ostali\ringwormgo\ringwormgo\andrej\termi\termi-windows\termi\x64\debug\termi.tlog\link.read.1.tlog
e:\andrejbackup\andrej\privatno-duboko\ostali\ringwormgo\ringwormgo\andrej\termi\termi-windows\termi\x64\debug\termi.tlog\link.write.1.tlog
e:\andrejbackup\andrej\privatno-duboko\ostali\ringwormgo\ringwormgo\andrej\termi\termi-windows\termi\x64\debug\termi.tlog\metagen.write.1.tlog
e:\andrejbackup\andrej\privatno-duboko\ostali\ringwormgo\ringwormgo\andrej\termi\termi-windows\termi\x64\debug\termi.tlog\termi.write.1u.tlog
